{"level":"info","message":"Ambil data todo","method":"GET","url":"/"}
{"body":{"_csrf":"zzw6dxjG-NBTH1LxJPEco9d-Mt0qeJzqpnV8","endDate":"2024-11-02","startDate":"2024-11-03","tasks":"Test prod"},"fields_error":["startDate lebih besar dari endDate"],"level":"error","message":"Invalid data","method":"POST","url":"/"}
{"level":"info","message":"Ambil data todo","method":"GET","url":"/"}
{"body":{"_csrf":"Ut6TE8OA-XfBVbhwwx716_1-21EfvqYqMkow","endDate":"2024-11-03","startDate":"2024-11-03","tasks":"Test prod"},"level":"info","message":"Todo berhasil ditambahkan","method":"POST","url":"/"}
{"level":"info","message":"Ambil data todo","method":"GET","url":"/"}
{"level":"info","message":"Update data todo","method":"GET","url":"/update/2"}
{"body":{"_csrf":"Encpqf7V-Xeo3HkUHFXbpvkIS9XwLYxQWb7g","endDate":"2024-11-03","startDate":"2024-11-03","tasks":"Test prod2"},"level":"info","message":"Todo berhasil diperbaharui","method":"POST","url":"/update/2"}
{"level":"info","message":"Ambil data todo","method":"GET","url":"/"}
{"body":{"_csrf":"L8lLorlM-Q71ZPgXc9Cpbdpqypr5J8y7361w","ids":"2"},"level":"info","message":"Todo berhasil dihapus","method":"POST","url":"/delete"}
{"level":"info","message":"Ambil data todo","method":"GET","url":"/"}
{"level":"info","message":"Ambil data todo","method":"GET","url":"/"}
{"body":{"endDate":"2024-11-03","startDate":"2024-11-02","tasks":"test post todo"},"level":"info","message":"Todo berhasil ditambahkan","method":"POST","url":"/"}
{"level":"info","message":"Ambil data todo","method":"GET","url":"/"}
{"body":{"endDate":"2024-11-03","startDate":"2024-11-02","tasks":""},"fields_error":[{"location":"body","msg":"tasks is required","path":"tasks","type":"field","value":""}],"level":"error","message":"Invalid data","method":"POST","url":"/"}
{"level":"info","message":"Ambil data todo","method":"GET","url":"/"}
{"body":{"endDate":"2024-11-03","startDate":"","tasks":"cek startDate invalid"},"fields_error":[{"location":"body","msg":"startDate is required","path":"startDate","type":"field","value":""}],"level":"error","message":"Invalid data","method":"POST","url":"/"}
{"level":"info","message":"Ambil data todo","method":"GET","url":"/"}
{"body":{"endDate":"","startDate":"2024-11-02","tasks":"cek endDate invalid"},"fields_error":[{"location":"body","msg":"endDate is required","path":"endDate","type":"field","value":""}],"level":"error","message":"Invalid data","method":"POST","url":"/"}
{"level":"info","message":"Ambil data todo","method":"GET","url":"/"}
{"body":{"endDate":"2024-11-03","startDate":"2024-11-04","tasks":"error startDate &gt; endDate"},"fields_error":["startDate lebih besar dari endDate"],"level":"error","message":"Invalid data","method":"POST","url":"/"}
{"level":"info","message":"Ambil data todo","method":"GET","url":"/"}
{"level":"info","message":"Ambil data todo","method":"GET","url":"/"}
{"level":"info","message":"Update data todo","method":"GET","url":"/update/3"}
{"level":"info","message":"Update data todo","method":"GET","url":"/update/104"}
{"level":"warn","message":"Task not found","method":"GET","url":"/update/104"}
{"body":{"endDate":"2024-11-04","startDate":"2024-11-03","tasks":"initial test update2"},"level":"info","message":"Todo berhasil diperbaharui","method":"POST","url":"/update/5"}
{"level":"info","message":"Ambil data todo","method":"GET","url":"/"}
{"body":{"endDate":"2024-11-04","startDate":"2024-11-03","tasks":""},"fields_error":[{"location":"body","msg":"tasks is required","path":"tasks","type":"field","value":""}],"level":"error","message":"Invalid data","method":"POST","url":"/update/6"}
{"level":"info","message":"Update data todo","method":"GET","url":"/update/6"}
{"body":{"endDate":"2024-11-04","startDate":"","tasks":"initial test update"},"fields_error":[{"location":"body","msg":"startDate is required","path":"startDate","type":"field","value":""}],"level":"error","message":"Invalid data","method":"POST","url":"/update/7"}
{"level":"info","message":"Update data todo","method":"GET","url":"/update/7"}
{"body":{"endDate":"","startDate":"2024-11-03","tasks":"initial test update"},"fields_error":[{"location":"body","msg":"endDate is required","path":"endDate","type":"field","value":""}],"level":"error","message":"Invalid data","method":"POST","url":"/update/8"}
{"level":"info","message":"Update data todo","method":"GET","url":"/update/8"}
{"body":{"endDate":"2024-11-03","startDate":"2024-11-04","tasks":"initial test update"},"fields_error":["startDate lebih besar dari endDate"],"level":"error","message":"Invalid data","method":"POST","url":"/update/9"}
{"level":"info","message":"Update data todo","method":"GET","url":"/update/9"}
{"level":"warn","message":"Task not found","method":"POST","url":"/update/11"}
{"body":{"ids":["11"]},"level":"info","message":"Todo berhasil dihapus","method":"POST","url":"/delete"}
{"level":"info","message":"Ambil data todo","method":"GET","url":"/"}
{"body":{"ids":["12","13"]},"level":"info","message":"Todo berhasil dihapus","method":"POST","url":"/delete"}
{"level":"info","message":"Ambil data todo","method":"GET","url":"/"}
{"body":{"ids":"14"},"level":"info","message":"Todo berhasil dihapus","method":"POST","url":"/delete"}
{"level":"info","message":"Ambil data todo","method":"GET","url":"/"}
{"level":"warn","message":"Task tidak ditemukan","method":"POST","url":"/delete"}
